<?xml version="1.0" encoding="UTF-8"?>
<testsuite xmlns:xsi="http://www.w3.org/2001/XMLSchema-instance" xsi:schemaLocation="https://maven.apache.org/surefire/maven-surefire-plugin/xsd/surefire-test-report.xsd" name="TestSuite" time="19.356" tests="2" errors="0" skipped="0" failures="2">
  <properties>
    <property name="java.runtime.name" value="Java(TM) SE Runtime Environment"/>
    <property name="sun.boot.library.path" value="/usr/lib/jvm/java-8-oracle/jre/lib/amd64"/>
    <property name="java.vm.version" value="25.121-b13"/>
    <property name="java.vm.vendor" value="Oracle Corporation"/>
    <property name="java.vendor.url" value="http://java.oracle.com/"/>
    <property name="path.separator" value=":"/>
    <property name="guice.disable.misplaced.annotation.check" value="true"/>
    <property name="java.vm.name" value="Java HotSpot(TM) 64-Bit Server VM"/>
    <property name="file.encoding.pkg" value="sun.io"/>
    <property name="user.country" value="IN"/>
    <property name="sun.java.launcher" value="SUN_STANDARD"/>
    <property name="sun.os.patch.level" value="unknown"/>
    <property name="java.vm.specification.name" value="Java Virtual Machine Specification"/>
    <property name="user.dir" value="/home/prasannakumar/workspace/Practice_Maven"/>
    <property name="java.runtime.version" value="1.8.0_121-b13"/>
    <property name="java.awt.graphicsenv" value="sun.awt.X11GraphicsEnvironment"/>
    <property name="java.endorsed.dirs" value="/usr/lib/jvm/java-8-oracle/jre/lib/endorsed"/>
    <property name="os.arch" value="amd64"/>
    <property name="java.io.tmpdir" value="/tmp"/>
    <property name="line.separator" value="&#10;"/>
    <property name="java.vm.specification.vendor" value="Oracle Corporation"/>
    <property name="os.name" value="Linux"/>
    <property name="classworlds.conf" value="/home/prasannakumar/workspace/.metadata/.plugins/org.eclipse.m2e.launching/launches/m2conf5042869712076665300.tmp"/>
    <property name="sun.jnu.encoding" value="UTF-8"/>
    <property name="java.library.path" value="/usr/java/packages/lib/amd64:/usr/lib64:/lib64:/lib:/usr/lib"/>
    <property name="java.specification.name" value="Java Platform API Specification"/>
    <property name="java.class.version" value="52.0"/>
    <property name="sun.management.compiler" value="HotSpot 64-Bit Tiered Compilers"/>
    <property name="os.version" value="4.4.0-62-generic"/>
    <property name="user.home" value="/home/prasannakumar"/>
    <property name="user.timezone" value="Asia/Kolkata"/>
    <property name="java.awt.printerjob" value="sun.print.PSPrinterJob"/>
    <property name="file.encoding" value="UTF-8"/>
    <property name="java.specification.version" value="1.8"/>
    <property name="user.name" value="prasannakumar"/>
    <property name="java.class.path" value="/home/prasannakumar/eclipse/plugins/org.eclipse.m2e.maven.runtime_1.5.1.20150109-1819/jars/plexus-classworlds-2.5.1.jar"/>
    <property name="org.slf4j.simpleLogger.defaultLogLevel" value="info"/>
    <property name="java.vm.specification.version" value="1.8"/>
    <property name="sun.arch.data.model" value="64"/>
    <property name="java.home" value="/usr/lib/jvm/java-8-oracle/jre"/>
    <property name="sun.java.command" value="org.codehaus.plexus.classworlds.launcher.Launcher -B test"/>
    <property name="java.specification.vendor" value="Oracle Corporation"/>
    <property name="user.language" value="en"/>
    <property name="awt.toolkit" value="sun.awt.X11.XToolkit"/>
    <property name="java.vm.info" value="mixed mode"/>
    <property name="java.version" value="1.8.0_121"/>
    <property name="java.ext.dirs" value="/usr/lib/jvm/java-8-oracle/jre/lib/ext:/usr/java/packages/lib/ext"/>
    <property name="securerandom.source" value="file:/dev/./urandom"/>
    <property name="sun.boot.class.path" value="/usr/lib/jvm/java-8-oracle/jre/lib/resources.jar:/usr/lib/jvm/java-8-oracle/jre/lib/rt.jar:/usr/lib/jvm/java-8-oracle/jre/lib/sunrsasign.jar:/usr/lib/jvm/java-8-oracle/jre/lib/jsse.jar:/usr/lib/jvm/java-8-oracle/jre/lib/jce.jar:/usr/lib/jvm/java-8-oracle/jre/lib/charsets.jar:/usr/lib/jvm/java-8-oracle/jre/lib/jfr.jar:/usr/lib/jvm/java-8-oracle/jre/classes"/>
    <property name="java.vendor" value="Oracle Corporation"/>
    <property name="maven.home" value="/home/prasannakumar/workspace/Practice_Maven/EMBEDDED"/>
    <property name="file.separator" value="/"/>
    <property name="java.vendor.url.bug" value="http://bugreport.sun.com/bugreport/"/>
    <property name="sun.cpu.endian" value="little"/>
    <property name="sun.io.unicode.encoding" value="UnicodeLittle"/>
    <property name="sun.desktop" value="gnome"/>
    <property name="sun.cpu.isalist" value=""/>
  </properties>
  <testcase name="testHome" classname="com.application.tests.TestClass" time="8.295">
    <failure message="Failed to decode response from marionette&#10;Build info: version: &apos;3.4.0&apos;, revision: &apos;unknown&apos;, time: &apos;unknown&apos;&#10;System info: host: &apos;sandeep&apos;, ip: &apos;127.0.1.1&apos;, os.name: &apos;Linux&apos;, os.arch: &apos;amd64&apos;, os.version: &apos;4.4.0-62-generic&apos;, java.version: &apos;1.8.0_121&apos;&#10;Driver info: org.openqa.selenium.firefox.FirefoxDriver&#10;Capabilities [{moz:profile=/tmp/rust_mozprofile.QH8fshkP8XqX, rotatable=false, timeouts={implicit=0.0, pageLoad=300000.0, script=30000.0}, pageLoadStrategy=normal, platform=ANY, specificationLevel=0.0, moz:accessibilityChecks=false, acceptInsecureCerts=false, browserVersion=53.0, platformVersion=4.4.0-62-generic, moz:processID=17656.0, browserName=firefox, javascriptEnabled=true, platformName=linux}]&#10;Session ID: 9fe61d46-6355-43cf-92c8-aaf0854fd7bc&#10;*** Element info: {Using=xpath, value=//div[@class=&apos;cartContainer col-xs-11 reset-padding&apos;]}" type="org.openqa.selenium.WebDriverException">org.openqa.selenium.WebDriverException: 
Failed to decode response from marionette
Build info: version: '3.4.0', revision: 'unknown', time: 'unknown'
System info: host: 'sandeep', ip: '127.0.1.1', os.name: 'Linux', os.arch: 'amd64', os.version: '4.4.0-62-generic', java.version: '1.8.0_121'
Driver info: org.openqa.selenium.firefox.FirefoxDriver
Capabilities [{moz:profile=/tmp/rust_mozprofile.QH8fshkP8XqX, rotatable=false, timeouts={implicit=0.0, pageLoad=300000.0, script=30000.0}, pageLoadStrategy=normal, platform=ANY, specificationLevel=0.0, moz:accessibilityChecks=false, acceptInsecureCerts=false, browserVersion=53.0, platformVersion=4.4.0-62-generic, moz:processID=17656.0, browserName=firefox, javascriptEnabled=true, platformName=linux}]
Session ID: 9fe61d46-6355-43cf-92c8-aaf0854fd7bc
*** Element info: {Using=xpath, value=//div[@class='cartContainer col-xs-11 reset-padding']}
	at com.application.tests.TestClass.testHome(TestClass.java:19)
</failure>
    <system-err><![CDATA[1495796421060	geckodriver	INFO	Listening on 127.0.0.1:10175
1495796421377	geckodriver::marionette	INFO	Starting browser /opt/firefox53/firefox with args ["-marionette"]

(firefox:17656): GLib-GObject-CRITICAL **: g_object_ref: assertion 'object->ref_count > 0' failed

(firefox:17656): GLib-GObject-CRITICAL **: g_object_unref: assertion 'object->ref_count > 0' failed

(firefox:17656): GLib-GObject-CRITICAL **: g_object_ref: assertion 'object->ref_count > 0' failed

(firefox:17656): GLib-GObject-CRITICAL **: g_object_unref: assertion 'object->ref_count > 0' failed
1495796423073	Marionette	INFO	Listening on port 33202

(/opt/firefox53/firefox:17721): GLib-GObject-CRITICAL **: g_object_ref: assertion 'object->ref_count > 0' failed

(/opt/firefox53/firefox:17721): GLib-GObject-CRITICAL **: g_object_unref: assertion 'object->ref_count > 0' failed

(/opt/firefox53/firefox:17721): GLib-GObject-CRITICAL **: g_object_ref: assertion 'object->ref_count > 0' failed

(/opt/firefox53/firefox:17721): GLib-GObject-CRITICAL **: g_object_unref: assertion 'object->ref_count > 0' failed
May 26, 2017 4:30:23 PM org.openqa.selenium.remote.ProtocolHandshake createSession
INFO: Detected dialect: W3C
JavaScript warning: https://i1.sdlcdn.com/js/juspayintegration1495010741148/snap/base.jquery111.min.js, line 20: unreachable code after return statement
JavaScript warning: https://i1.sdlcdn.com/js/juspayintegration1495010741148/snap/base.jquery111.min.js, line 23: unreachable code after return statement
JavaScript warning: https://i1.sdlcdn.com/js/juspayintegration1495010741148/snap/base.jquery111.min.js, line 20: unreachable code after return statement
JavaScript warning: https://i1.sdlcdn.com/js/juspayintegration1495010741148/snap/base.jquery111.min.js, line 23: unreachable code after return statement
JavaScript warning: https://i1.sdlcdn.com/js/juspayintegration1495010741148/snap/base.jquery111.min.js, line 20: unreachable code after return statement
JavaScript warning: https://i1.sdlcdn.com/js/juspayintegration1495010741148/snap/base.jquery111.min.js, line 23: unreachable code after return statement
JavaScript warning: https://i1.sdlcdn.com/js/juspayintegration1495010741148/snap/base.jquery111.min.js, line 20: unreachable code after return statement
JavaScript warning: https://i1.sdlcdn.com/js/juspayintegration1495010741148/snap/base.jquery111.min.js, line 20: unreachable code after return statement
JavaScript warning: https://i1.sdlcdn.com/js/juspayintegration1495010741148/snap/base.jquery111.min.js, line 23: unreachable code after return statement
JavaScript warning: https://i1.sdlcdn.com/js/juspayintegration1495010741148/snap/base.jquery111.min.js, line 20: unreachable code after return statement
JavaScript warning: https://i1.sdlcdn.com/js/juspayintegration1495010741148/snap/base.jquery111.min.js, line 23: unreachable code after return statement
JavaScript warning: https://i4.sdlcdn.com/js/juspayintegration1495010741148/snapdeal/loginIframe.min.js, line 62: unreachable code after return statement
JavaScript warning: https://i4.sdlcdn.com/js/juspayintegration1495010741148/snapdeal/loginIframe.min.js, line 66: unreachable code after return statement
JavaScript warning: https://i4.sdlcdn.com/js/juspayintegration1495010741148/snapdeal/loginIframe.min.js, line 62: unreachable code after return statement

(firefox:17656): GLib-GObject-CRITICAL **: g_object_ref: assertion 'object->ref_count > 0' failed

(firefox:17656): GLib-GObject-CRITICAL **: g_object_unref: assertion 'object->ref_count > 0' failed

(firefox:17656): GLib-GObject-CRITICAL **: g_object_ref: assertion 'object->ref_count > 0' failed

(firefox:17656): GLib-GObject-CRITICAL **: g_object_unref: assertion 'object->ref_count > 0' failed

(firefox:17656): GLib-GObject-CRITICAL **: g_object_ref: assertion 'object->ref_count > 0' failed

(firefox:17656): GLib-GObject-CRITICAL **: g_object_unref: assertion 'object->ref_count > 0' failed

(firefox:17656): GLib-GObject-CRITICAL **: g_object_ref: assertion 'object->ref_count > 0' failed

(firefox:17656): GLib-GObject-CRITICAL **: g_object_unref: assertion 'object->ref_count > 0' failed

(firefox:17656): GLib-GObject-CRITICAL **: g_object_ref: assertion 'object->ref_count > 0' failed

(firefox:17656): GLib-GObject-CRITICAL **: g_object_unref: assertion 'object->ref_count > 0' failed
]]></system-err>
  </testcase>
  <testcase name="quit" classname="com.application.tests.TestClass" time="8.366">
    <failure message="Tried to run command without establishing a connection&#10;Build info: version: &apos;3.4.0&apos;, revision: &apos;unknown&apos;, time: &apos;unknown&apos;&#10;System info: host: &apos;sandeep&apos;, ip: &apos;127.0.1.1&apos;, os.name: &apos;Linux&apos;, os.arch: &apos;amd64&apos;, os.version: &apos;4.4.0-62-generic&apos;, java.version: &apos;1.8.0_121&apos;&#10;Driver info: org.openqa.selenium.firefox.FirefoxDriver&#10;Capabilities [{moz:profile=/tmp/rust_mozprofile.QH8fshkP8XqX, rotatable=false, timeouts={implicit=0.0, pageLoad=300000.0, script=30000.0}, pageLoadStrategy=normal, platform=ANY, specificationLevel=0.0, moz:accessibilityChecks=false, acceptInsecureCerts=false, browserVersion=53.0, platformVersion=4.4.0-62-generic, moz:processID=17656.0, browserName=firefox, javascriptEnabled=true, platformName=linux}]&#10;Session ID: 9fe61d46-6355-43cf-92c8-aaf0854fd7bc" type="org.openqa.selenium.WebDriverException">org.openqa.selenium.WebDriverException: 
Tried to run command without establishing a connection
Build info: version: '3.4.0', revision: 'unknown', time: 'unknown'
System info: host: 'sandeep', ip: '127.0.1.1', os.name: 'Linux', os.arch: 'amd64', os.version: '4.4.0-62-generic', java.version: '1.8.0_121'
Driver info: org.openqa.selenium.firefox.FirefoxDriver
Capabilities [{moz:profile=/tmp/rust_mozprofile.QH8fshkP8XqX, rotatable=false, timeouts={implicit=0.0, pageLoad=300000.0, script=30000.0}, pageLoadStrategy=normal, platform=ANY, specificationLevel=0.0, moz:accessibilityChecks=false, acceptInsecureCerts=false, browserVersion=53.0, platformVersion=4.4.0-62-generic, moz:processID=17656.0, browserName=firefox, javascriptEnabled=true, platformName=linux}]
Session ID: 9fe61d46-6355-43cf-92c8-aaf0854fd7bc
</failure>
  </testcase>
</testsuite>